[2022-05-24 15:25:26] [info] Start Program:
Path:"D:\Informatica\C && C++\Object Oriented Programming Course\Art-Gallery-OOP\x64\Debug\ArtGallery(OOP).exe"
Arguments:
Working directory: "D:\Informatica\C && C++\Object Oriented Programming Course\Art-Gallery-OOP\ArtGallery(OOP)\"
Modules: Selected: D:\Informatica\C & C++\Object Oriented Programming Course\Art-Gallery-OOP\x64\Debug\ArtGallery(OOP).exe Excluded: 
Sources: Selected: D:\Informatica\C & C++\Object Oriented Programming Course\Art-Gallery-OOP\ArtGallery(OOP) Excluded: 
Log Level: Normal
Cover Children: 0
Aggregate by file: 1
Continue after C++ exception: 0
Optimized build support: 0
Export: Binary C:\Users\Sergiu\AppData\Local\Temp\jw43q0am.q5c 
Input coverage: 
Unified diff: 
Excluded line regular expressions: 
Substitute pdb source paths: 

[2022-05-24 15:25:27] [info] Module: D:\Informatica\C & C++\Object Oriented Programming Course\Art-Gallery-OOP\x64\Debug\ArtGallery(OOP).exe is selected because it matches selected pattern: D:\Informatica\C & C++\Object Oriented Programming Course\Art-Gallery-OOP\x64\Debug\ArtGallery(OOP).exe
[2022-05-24 15:25:29] [info] ----------------------------------------------------
[2022-05-24 15:25:29] [info] Coverage binary generated in file: C:\Users\Sergiu\AppData\Local\Temp\jw43q0am.q5c
[2022-05-24 15:25:29] [info] ----------------------------------------------------
