     1                                  bits 32 ; assembling for the 32 bits architecture
     2                                  
     3                                  ; declare the EntryPoint (a label defining the very first instruction of the program)
     4                                  global start        
     5                                  
     6                                  ; declare external functions needed by our program
     7                                  extern exit               ; tell nasm that exit exists even if we won't be defining it
     8                                  import exit msvcrt.dll    ; exit is a function that ends the calling process. It is defined in msvcrt.dll
     9                                                            ; msvcrt.dll contains exit, printf and all the other important C-runtime specific functions
    10                                  
    11                                  ; our data is declared here (the variables needed by our program)
    12                                  segment data use32 class=data
    13                                      ; ...
    14 00000000 616263                      s db 'abc'
    15                                      ls equ $-s
    16 00000003 <res 00000003>              d resb ls
    17                                      
    18                                      
    19                                  ; our code starts here
    20                                  segment code use32 class=code
    21                                      start:
    22                                          ; ...
    23 00000000 BE[00000000]                    mov esi, s
    24 00000005 BF[03000000]                    mov edi, d
    25 0000000A B903000000                      mov ecx, ls
    26                                          repeta:
    27 0000000F A4                                  movsb
    28 00000010 E2FD                            loop repeta
    29                                          
    30                                      
    31                                          ; exit(0)
    32 00000012 6A00                            push    dword 0      ; push the parameter for exit onto the stack
    33 00000014 FF15[00000000]                  call    [exit]       ; call exit to terminate the program
